2022-09-07 23:47:07 (success) release
2022-09-07 23:47:07 (success) _pypi_release
2022-09-07 23:46:52 (startup) _pypi_release
2022-09-07 23:46:52 (success) _git_default_commit
2022-09-07 23:46:52 (startup) _git_default_commit
2022-09-07 23:46:52 (success) _git_push
2022-09-07 23:46:45 (startup) _git_push
2022-09-07 23:46:45 (success) _build_package
2022-09-07 23:46:43 (startup) _build_package
2022-09-07 23:46:43 (success) _git_tag
2022-09-07 23:46:43 (startup) _git_tag
2022-09-07 23:46:43 (success) _git_default_commit
2022-09-07 23:46:43 (startup) _git_default_commit
2022-09-07 23:46:43 (success) _build_doc
2022-09-07 23:46:42 (startup) _build_doc
2022-09-07 23:46:42 (startup) release
2022-09-07 23:35:28 (success) release
2022-09-07 23:34:36 (startup) release
2022-09-07 23:21:02 (success) release
2022-09-07 23:21:02 (startup) release
